Exception at PC 0x00007FFF045B9E08
Unable to capture context for thread 10776 in process 17228, can not generate back trace
Unable to capture context for thread 11704 in process 17228, can not generate back trace
Unable to capture context for thread 14300 in process 17228, can not generate back trace
Exception at PC 0x00007FFF045B9E08
Unable to capture context for thread 11704 in process 17228, can not generate back trace
Unable to capture context for thread 14300 in process 17228, can not generate back trace
Exception at PC 0x00007FFE9DF7BB93
Printing stacktrace...

Exception at PC 0x00007FFF045B9E08
Exception at PC 0x00007FFF045B9E08
Exception at PC 0x00007FFF045B9E08
Exception at PC 0x00007FFF045B9E08
Exception at PC 0x00007FFF045B9E08
Exception at PC 0x00007FFF045B9E08
Exception at PC 0x00007FFF045B9E08
Exception at PC 0x00007FFF045B9E08
Exception at PC 0x00007FFF045B9E08
Exception at PC 0x00007FFF045B9E08
Exception at PC 0x00007FFF045B9E08
Exception at PC 0x00007FFF045B9E08
Exception at PC 0x00007FFF045B9E08
Exception at PC 0x00007FFF045B9E08
Exception at PC 0x00007FFF045B9E08
Exception at PC 0x00007FFF045B9E08
Exception at PC 0x00007FFF045B9E08
[0]  [0x00007FFE9DF7BB93]
[1]  [0x00007FFE9DF7BB93]
[2]  [0x00007FFE9DF7B4A1]
[3]  [0x00007FFE9DF7B3EF]
[4]  [0x00007FFE9DF619FE]
[5]  [0x00007FFE9DF60ED1]
[6]  [0x00007FFE9DF60D76]
[7]  [0x00007FFE9DF079F6]
[8]  [0x00007FFE9DEF7AFB]
[9]  [0x00007FFE9E01E90A]
[10]  [0x00007FFE9E039F87]
[11]  [0x00007FFE9E03A05F]
[12] (BaseThreadInitThunk+0x14) [0x00007FFF07132774]
[13] (RtlUserThreadStart+0x21) [0x00007FFF072B0D51]
Done
Exception at PC 0x00007FFF045B9E08
Exception at PC 0x00007FFF045B9E08
